Дополнения/ обновления запросов


 простые

 1
 SELECT  "champ",max("win rate"),min("win rate") from "ingame" WHERE "win rate">50  
GROUP BY "champ"
ORDER BY "champ"
// выводит id персонажа с положительным процентом побед, максимальное и минимальное значение этого процента 
// доработка 2 запроса(появилась группировка )

2
SELECT "id" FROM "damage" where type= 'ad' 
//исправление 4 запроса

3
SELECT (SELECT AVG("hp") FROM survival )/(SELECT AVG("1lvl dmg") FROM damage ) AS kolvo_attack;
// запрос показывает среднее количество атак в чистом уроне(игнорируя защиту(armor and mag rez), необходимых для убийства персонажа)

// вы писали о недостатке мат функций (на средний запрос, как я понял это не тянет, поэтому понизил его до простого) 

////оставшиеся 2 запроса остались без изменений


средние

1 
SELECT "champions","1lvl dmg" 
FROM "champions" 
INNER JOIN  "damage"  ON (champions.damage=damage.id) 
ORDER BY damage."1lvl dmg"
//персонажи и их урон
// исправил условие 1 запроса

2
SELECT DISTINCT ch."champions", r."role", l."line"
FROM "champions" AS ch  
  INNER JOIN "roles"  AS r
  ON (ch.role= r.id) 
INNER JOIN "lines" AS l
ON (ch.line = l.id)
//запрос выводит персонажей, их роль в игре и линию, на которой обычно стоит этот персонаж
//запрос заменяет предыдущий 3 запрос

сложное
1
добавил оптимизацию
create index "champ_ind" on "champions"("id");
create index "dmg_ind" on "damage"("id");
befor:
-> Seq Scan on champions ch (cost=0.00..15.50 rows=550 width=102)
-> Seq Scan on damage d (cost=0.00..33.55 rows=3 width=24)
after:
-> Seq Scan on champions ch (cost=0.00..1.15 rows=15 width=102)
-> Seq Scan on damage d (cost=0.00..1.23 rows=1 width=24)


2
 SELECT DISTINCT ch.champions
FROM  ingame AS g    
INNER JOIN champions AS ch ON (g.champ= ch.id) WHERE (g."win rate">50 AND g."pick chance"<1.5);
// добавил недостающие префиксы







3
// в 3ем запросе я не увидел недостающих алиасов
оптимизация
create index "rol_ind" on "roles"("id");
create index "lin_ind" on "lines"("id");
create index "div_ind" on "division"("id");
//befor:
 Index Scan using lines_line_key on lines l (cost=0.15..8.17 rows=1 width=82)
 Index Scan using division_pk on division d (cost=0.15..0.81 rows=1 width=62)
 Index Scan using roles_pk on roles r (cost=0.15..0.26 rows=1 width=82)
after:
Seq Scan on lines l (cost=0.00..1.14 rows=1 width=82)
Seq Scan on roles r (cost=0.00..1.07 rows=1 width=82)
Seq Scan on division d (cost=0.00..1.05 rows=5 width=62)

Доп сложные(с группировкой )

1
SELECT  ch.champions,min(g."ban chance") as min_ban_chance ,dm."1lvl dmg"
FROM "ingame" AS g
  INNER JOIN "division" AS d
ON (g.div=d.id)
  INNER JOIN "champions" AS ch 
ON (g.champ=ch.id)
  INNER JOIN "damage" AS dm
ON (ch.damage=dm.id) WHERE (dm."1lvl dmg">75)
  GROUP BY ch.champions,dm."1lvl dmg" 
    order by min_ban_chance
// запрос выводит персонажей, вероятностью их бана и урон на первом уровне
	с помощью запроса можно проверить существование зависимости между параметрами(урон и  минимальная вероятность бана) определенной величины (с высоким показателем урона)
(в данном случае ее нет)



2
SELECT  ch.champions,max("pick chance"*"win rate"/100) AS "champ win chance",l.line
FROM "ingame" AS g  
  INNER JOIN "champions" AS ch  ON (g.champ=ch.id) 
  INNER JOIN "lines" AS l  ON (ch.line=l.id AND l.line='top')
  GROUP BY ch.champions,l.line 
  ORDER BY "champ win chance"
// вывод вероятности того, что на определенной линии появится определенный персонаж и его команда победит
